<?xml version="1.0" encoding="UTF-8"?>
<!-- Generated by org.testng.reporters.JUnitReportReporter -->
<testsuite hostname="DESKTOP-7J9TF3T" failures="0" tests="1" name="MavenDemo.MavenDemo.AppTest" time="3.465" errors="0" timestamp="2022-11-01T15:36:41 IST" skipped="0">
  <testcase classname="MavenDemo.MavenDemo.AppTest" name="loginTestCase" time="3.465"/>
  <system-out>
    <![CDATA[maven demo project------]]>
  </system-out>
</testsuite> <!-- MavenDemo.MavenDemo.AppTest -->
